<?xml version="1.0" encoding="UTF-8"?>
<coverage generated="1754737628328" clover="3.2.0">
  <project timestamp="1754737628328" name="All files">
    <metrics statements="2" coveredstatements="1" conditionals="0" coveredconditionals="0" methods="1" coveredmethods="1" elements="3" coveredelements="2" complexity="0" loc="2" ncloc="2" packages="1" files="2" classes="2"/>
    <file name="App.jsx" path="D:\React\JAVASCRIPT\Incture_training\DAY22\one_more_test\src\App.jsx">
      <metrics statements="1" coveredstatements="1" conditionals="0" coveredconditionals="0" methods="1" coveredmethods="1"/>
      <line num="3" count="1" type="stmt"/>
    </file>
    <file name="main.jsx" path="D:\React\JAVASCRIPT\Incture_training\DAY22\one_more_test\src\main.jsx">
      <metrics statements="1" coveredstatements="0" conditionals="0" coveredconditionals="0" methods="0" coveredmethods="0"/>
      <line num="6" count="0" type="stmt"/>
    </file>
  </project>
</coverage>
